<?xml version="1.0" encoding="UTF-8"?>
<testsuite xmlns:xsi="http://www.w3.org/2001/XMLSchema-instance" xsi:noNamespaceSchemaLocation="https://maven.apache.org/surefire/maven-surefire-plugin/xsd/surefire-test-report.xsd" version="3.0.2" name="com.example.session_demo.SessionDemoApplicationTests" time="1.385" tests="1" errors="0" skipped="0" failures="0">
  <properties>
[...]
</properties>
  <testcase name="contextLoads" classname="com.example.session_demo.SessionDemoApplicationTests" time="0.438">
    <system-out><![CDATA[14:56:43.460 [main] INFO org.springframework.test.context.support.AnnotationConfigContextLoaderUtils -- Could not detect default configuration classes for test class [com.example.session_demo.SessionDemoApplicationTests]: SessionDemoApplicationTests does not declare any static, non-private, non-final, nested classes annotated with @Configuration.
14:56:43.523 [main] INFO org.springframework.boot.test.context.SpringBootTestContextBootstrapper -- Found @SpringBootConfiguration com.example.session_demo.SessionDemoApplication for test class com.example.session_demo.SessionDemoApplicationTests

  .   ____          _            __ _ _
 /\\ / ___'_ __ _ _(_)_ __  __ _ \ \ \ \
( ( )\___ | '_ | '_| | '_ \/ _` | \ \ \ \
 \\/  ___)| |_)| | | | | || (_| |  ) ) ) )
  '  |____| .__|_| |_|_| |_\__, | / / / /
 =========|_|==============|___/=/_/_/_/

 :: Spring Boot ::                (v3.4.3)

2025-03-17T14:56:43.735+01:00  INFO 243745 --- [session-demo] [           main] c.e.s.SessionDemoApplicationTests        : Starting SessionDemoApplicationTests using Java 21.0.6 with PID 243745 (started by pschreiber in /home/pschreiber/Development/ITZ/Java/session-demo)
2025-03-17T14:56:43.736+01:00  INFO 243745 --- [session-demo] [           main] c.e.s.SessionDemoApplicationTests        : No active profile set, falling back to 1 default profile: "default"
2025-03-17T14:56:44.315+01:00  INFO 243745 --- [session-demo] [           main] c.e.s.SessionDemoApplicationTests        : Started SessionDemoApplicationTests in 0.719 seconds (process running for 1.185)
]]></system-out>
    <system-err><![CDATA[Mockito is currently self-attaching to enable the inline-mock-maker. This will no longer work in future releases of the JDK. Please add Mockito as an agent to your build what is described in Mockito's documentation: https://javadoc.io/doc/org.mockito/mockito-core/latest/org/mockito/Mockito.html#0.3
WARNING: A Java agent has been loaded dynamically (/home/pschreiber/.m2/repository/net/bytebuddy/byte-buddy-agent/1.15.11/byte-buddy-agent-1.15.11.jar)
WARNING: If a serviceability tool is in use, please run with -XX:+EnableDynamicAgentLoading to hide this warning
WARNING: If a serviceability tool is not in use, please run with -Djdk.instrument.traceUsage for more information
WARNING: Dynamic loading of agents will be disallowed by default in a future release
]]></system-err>
  </testcase>
</testsuite>